#
# There is insufficient memory for the Java Runtime Environment to continue.
# Native memory allocation (mmap) failed to map 65536 bytes for Failed to commit metaspace.
# Possible reasons:
#   The system is out of physical RAM or swap space
#   The process is running with CompressedOops enabled, and the Java Heap may be blocking the growth of the native heap
# Possible solutions:
#   Reduce memory load on the system
#   Increase physical memory or swap space
#   Check if swap backing store is full
#   Decrease Java heap size (-Xmx/-Xms)
#   Decrease number of Java threads
#   Decrease Java thread stack sizes (-Xss)
#   Set larger code cache with -XX:ReservedCodeCacheSize=
#   JVM is running with Unscaled Compressed Oops mode in which the Java heap is
#     placed in the first 4GB address space. The Java Heap base address is the
#     maximum limit for the native heap growth. Please use -XX:HeapBaseMinAddress
#     to set the Java Heap base and to place the Java Heap above 4GB virtual address.
# This output file may be truncated or incomplete.
#
#  Out of Memory Error (virtualSpaceNode.cpp:108), pid=10172, tid=14072
#
# JRE version: Java(TM) SE Runtime Environment (16.0+36) (build 16+36-2231)
# Java VM: Java HotSpot(TM) 64-Bit Server VM (16+36-2231, mixed mode, tiered, compressed oops, g1 gc, windows-amd64)
# No core dump will be written. Minidumps are not enabled by default on client versions of Windows
#

---------------  S U M M A R Y ------------

Command Line: -Dfile.encoding=UTF-8 --module-path=C:\Users\Maira Pinilla\Desktop\UNAD\Semestre 7 trabajos\Programación orientada a objetos\proyectoA\build\classes interfaces.RegistrarEmpleados

Host: Intel(R) Celeron(R) CPU N3350 @ 1.10GHz, 2 cores, 3G,  Windows 10 , 64 bit Build 19041 (10.0.19041.928)
Time: Tue May 18 13:30:12 2021 Hora est. Pacífico, Sudamérica elapsed time: 2.102697 seconds (0d 0h 0m 2s)

---------------  T H R E A D  ---------------

Current thread (0x0000024f3e3a91f0):  JavaThread "main" [_thread_in_vm, id=14072, stack(0x000000c72f200000,0x000000c72f300000)]

Stack: [0x000000c72f200000,0x000000c72f300000]
Native frames: (J=compiled Java code, j=interpreted, Vv=VM code, C=native code)
V  [jvm.dll+0x6681da]
V  [jvm.dll+0x7c9d99]
V  [jvm.dll+0x7cb4d3]
V  [jvm.dll+0x7cbb33]
V  [jvm.dll+0x242ee5]
V  [jvm.dll+0x7c642b]
V  [jvm.dll+0x60de46]
V  [jvm.dll+0x60deaa]
V  [jvm.dll+0x6104da]
V  [jvm.dll+0x60e741]
V  [jvm.dll+0x2372df]
V  [jvm.dll+0x618dc5]
V  [jvm.dll+0x1e9a42]
V  [jvm.dll+0x1e9f75]
V  [jvm.dll+0x1eaaff]
V  [jvm.dll+0x1df891]
V  [jvm.dll+0x536168]
V  [jvm.dll+0x1f0f92]
V  [jvm.dll+0x7417f3]
V  [jvm.dll+0x743098]
V  [jvm.dll+0x7433c3]
V  [jvm.dll+0x23ad64]
V  [jvm.dll+0x23b002]
V  [jvm.dll+0x551db8]
V  [jvm.dll+0x554c00]
V  [jvm.dll+0x379a4e]
V  [jvm.dll+0x37908f]
C  0x0000024f45b3aca9

Java frames: (J=compiled Java code, j=interpreted, Vv=VM code)
j  java.lang.invoke.LambdaForm.editor()Ljava/lang/invoke/LambdaFormEditor;+1 java.base@16
j  java.lang.invoke.BoundMethodHandle.editor()Ljava/lang/invoke/LambdaFormEditor;+4 java.base@16
j  java.lang.invoke.BoundMethodHandle.bindArgumentL(ILjava/lang/Object;)Ljava/lang/invoke/BoundMethodHandle;+1 java.base@16
j  java.lang.invoke.MethodHandle.bindArgumentL(ILjava/lang/Object;)Ljava/lang/invoke/BoundMethodHandle;+6 java.base@16
j  java.lang.invoke.MethodHandle.bindTo(Ljava/lang/Object;)Ljava/lang/invoke/MethodHandle;+15 java.base@16
j  java.lang.invoke.MethodHandles.constant(Ljava/lang/Class;Ljava/lang/Object;)Ljava/lang/invoke/MethodHandle;+84 java.base@16
j  java.lang.invoke.InnerClassLambdaMetafactory.buildCallSite()Ljava/lang/invoke/CallSite;+140 java.base@16
j  java.lang.invoke.LambdaMetafactory.metafactory(Ljava/lang/invoke/MethodHandles$Lookup;Ljava/lang/String;Ljava/lang/invoke/MethodType;Ljava/lang/invoke/MethodType;Ljava/lang/invoke/MethodHandle;Ljava/lang/invoke/MethodType;)Ljava/lang/invoke/CallSite;+31 java.base@16
j  java.lang.invoke.DirectMethodHandle$Holder.invokeStatic(Ljava/lang/Object;Ljava/lang/Object;Ljava/lang/Object;Ljava/lang/Object;Ljava/lang/Object;Ljava/lang/Object;Ljava/lang/Object;)Ljava/lang/Object;+20 java.base@16
j  java.lang.invoke.Invokers$Holder.invokeExact_MT(Ljava/lang/Object;Ljava/lang/Object;Ljava/lang/Object;Ljava/lang/Object;Ljava/lang/Object;Ljava/lang/Object;Ljava/lang/Object;Ljava/lang/Object;)Ljava/lang/Object;+28 java.base@16
j  java.lang.invoke.BootstrapMethodInvoker.invoke(Ljava/lang/Class;Ljava/lang/invoke/MethodHandle;Ljava/lang/String;Ljava/lang/Object;Ljava/lang/Object;Ljava/lang/Class;)Ljava/lang/Object;+262 java.base@16
j  java.lang.invoke.CallSite.makeSite(Ljava/lang/invoke/MethodHandle;Ljava/lang/String;Ljava/lang/invoke/MethodType;Ljava/lang/Object;Ljava/lang/Class;)Ljava/lang/invoke/CallSite;+8 java.base@16
j  java.lang.invoke.MethodHandleNatives.linkCallSiteImpl(Ljava/lang/Class;Ljava/lang/invoke/MethodHandle;Ljava/lang/String;Ljava/lang/invoke/MethodType;Ljava/lang/Object;[Ljava/lang/Object;)Ljava/lang/invoke/MemberName;+6 java.base@16
j  java.lang.invoke.MethodHandleNatives.linkCallSite(Ljava/lang/Object;ILjava/lang/Object;Ljava/lang/Object;Ljava/lang/Object;Ljava/lang/Object;[Ljava/lang/Object;)Ljava/lang/invoke/MemberName;+46 java.base@16
v  ~StubRoutines::call_stub
j  jdk.internal.module.DefaultRoots.compute(Ljava/lang/module/ModuleFinder;Ljava/lang/module/ModuleFinder;)Ljava/util/Set;+11 java.base@16
j  jdk.internal.module.ModuleBootstrap.boot2()Ljava/lang/ModuleLayer;+723 java.base@16
j  jdk.internal.module.ModuleBootstrap.boot()Ljava/lang/ModuleLayer;+64 java.base@16
j  java.lang.System.initPhase2(ZZ)I+0 java.base@16
v  ~StubRoutines::call_stub

---------------  P R O C E S S  ---------------

Threads class SMR info:
_java_thread_list=0x0000024f58f56b50, length=10, elements={
0x0000024f3e3a91f0, 0x0000024f58f49250, 0x0000024f58f4a020, 0x0000024f58f7b4c0,
0x0000024f58f80300, 0x0000024f58f80c10, 0x0000024f58f81520, 0x0000024f58f82210,
0x0000024f58f84c20, 0x0000024f59930060
}

Java Threads: ( => current thread )
=>0x0000024f3e3a91f0 JavaThread "main" [_thread_in_vm, id=14072, stack(0x000000c72f200000,0x000000c72f300000)]
  0x0000024f58f49250 JavaThread "Reference Handler" daemon [_thread_blocked, id=5128, stack(0x000000c72fa00000,0x000000c72fb00000)]
  0x0000024f58f4a020 JavaThread "Finalizer" daemon [_thread_blocked, id=5224, stack(0x000000c72fb00000,0x000000c72fc00000)]
  0x0000024f58f7b4c0 JavaThread "Signal Dispatcher" daemon [_thread_blocked, id=4768, stack(0x000000c72fc00000,0x000000c72fd00000)]
  0x0000024f58f80300 JavaThread "Attach Listener" daemon [_thread_blocked, id=14144, stack(0x000000c72fd00000,0x000000c72fe00000)]
  0x0000024f58f80c10 JavaThread "Service Thread" daemon [_thread_blocked, id=5496, stack(0x000000c72fe00000,0x000000c72ff00000)]
  0x0000024f58f81520 JavaThread "Monitor Deflation Thread" daemon [_thread_blocked, id=3780, stack(0x000000c72ff00000,0x000000c730000000)]
  0x0000024f58f82210 JavaThread "C2 CompilerThread0" daemon [_thread_blocked, id=11968, stack(0x000000c730000000,0x000000c730100000)]
  0x0000024f58f84c20 JavaThread "C1 CompilerThread0" daemon [_thread_blocked, id=10092, stack(0x000000c730100000,0x000000c730200000)]
  0x0000024f59930060 JavaThread "Sweeper thread" daemon [_thread_blocked, id=5948, stack(0x000000c730200000,0x000000c730300000)]

Other Threads:
  0x0000024f58f336f0 VMThread "VM Thread" [stack: 0x000000c72f900000,0x000000c72fa00000] [id=3784] _threads_hazard_ptr=0x0000024f58f56b50
  0x0000024f3e3d84a0 GCTaskThread "GC Thread#0" [stack: 0x000000c72f400000,0x000000c72f500000] [id=2956]
  0x0000024f3e3e0fb0 ConcurrentGCThread "G1 Main Marker" [stack: 0x000000c72f500000,0x000000c72f600000] [id=5192]
  0x0000024f3e3e29c0 ConcurrentGCThread "G1 Conc#0" [stack: 0x000000c72f600000,0x000000c72f700000] [id=10716]
  0x0000024f3e416030 ConcurrentGCThread "G1 Refine#0" [stack: 0x000000c72f700000,0x000000c72f800000] [id=11764]
  0x0000024f3e4179d0 ConcurrentGCThread "G1 Service" [stack: 0x000000c72f800000,0x000000c72f900000] [id=11988]

Threads with active compile tasks:

VM state: synchronizing (normal execution)

VM Mutex/Monitor currently owned by a thread:  ([mutex/lock_event])
[0x0000024f3e3a4320] MetaspaceExpand_lock - owner thread: 0x0000024f3e3a91f0
[0x0000024f3e3a57b0] Threads_lock - owner thread: 0x0000024f58f336f0

Heap address: 0x00000000c2a00000, size: 982 MB, Compressed Oops mode: 32-bit
CDS disabled.
Compressed class space mapped at: 0x0000000100000000-0x0000000140000000, reserved size: 1073741824
Narrow klass base: 0x0000000000000000, Narrow klass shift: 3, Narrow klass range: 0x140000000

GC Precious Log:
 CPUs: 2 total, 2 available
 Memory: 3927M
 Large Page Support: Disabled
 NUMA Support: Disabled
 Compressed Oops: Enabled (32-bit)
 Heap Region Size: 1M
 Heap Min Capacity: 8M
 Heap Initial Capacity: 62M
 Heap Max Capacity: 982M
 Pre-touch: Disabled
 Parallel Workers: 2
 Concurrent Workers: 1
 Concurrent Refinement Workers: 2
 Periodic GC: Disabled

Heap:
 garbage-first heap   total 63488K, used 0K [0x00000000c2a00000, 0x0000000100000000)
  region size 1024K, 1 young (1024K), 0 survivors (0K)
 Metaspace       used 4712K, committed 4736K, reserved 1056768K
  class space    used 361K, committed 384K, reserved 1048576K

Heap Regions: E=young(eden), S=young(survivor), O=old, HS=humongous(starts), HC=humongous(continues), CS=collection set, F=free, OA=open archive, CA=closed archive, TAMS=top-at-mark-start (previous, next)
|   0|0x00000000c2a00000, 0x00000000c2a00000, 0x00000000c2b00000|  0%| F|  |TAMS 0x00000000c2a00000, 0x00000000c2a00000| Untracked 
|   1|0x00000000c2b00000, 0x00000000c2b00000, 0x00000000c2c00000|  0%| F|  |TAMS 0x00000000c2b00000, 0x00000000c2b00000| Untracked 
|   2|0x00000000c2c00000, 0x00000000c2c00000, 0x00000000c2d00000|  0%| F|  |TAMS 0x00000000c2c00000, 0x00000000c2c00000| Untracked 
|   3|0x00000000c2d00000, 0x00000000c2d00000, 0x00000000c2e00000|  0%| F|  |TAMS 0x00000000c2d00000, 0x00000000c2d00000| Untracked 
|   4|0x00000000c2e00000, 0x00000000c2e00000, 0x00000000c2f00000|  0%| F|  |TAMS 0x00000000c2e00000, 0x00000000c2e00000| Untracked 
|   5|0x00000000c2f00000, 0x00000000c2f00000, 0x00000000c3000000|  0%| F|  |TAMS 0x00000000c2f00000, 0x00000000c2f00000| Untracked 
|   6|0x00000000c3000000, 0x00000000c3000000, 0x00000000c3100000|  0%| F|  |TAMS 0x00000000c3000000, 0x00000000c3000000| Untracked 
|   7|0x00000000c3100000, 0x00000000c3100000, 0x00000000c3200000|  0%| F|  |TAMS 0x00000000c3100000, 0x00000000c3100000| Untracked 
|   8|0x00000000c3200000, 0x00000000c3200000, 0x00000000c3300000|  0%| F|  |TAMS 0x00000000c3200000, 0x00000000c3200000| Untracked 
|   9|0x00000000c3300000, 0x00000000c3300000, 0x00000000c3400000|  0%| F|  |TAMS 0x00000000c3300000, 0x00000000c3300000| Untracked 
|  10|0x00000000c3400000, 0x00000000c3400000, 0x00000000c3500000|  0%| F|  |TAMS 0x00000000c3400000, 0x00000000c3400000| Untracked 
|  11|0x00000000c3500000, 0x00000000c3500000, 0x00000000c3600000|  0%| F|  |TAMS 0x00000000c3500000, 0x00000000c3500000| Untracked 
|  12|0x00000000c3600000, 0x00000000c3600000, 0x00000000c3700000|  0%| F|  |TAMS 0x00000000c3600000, 0x00000000c3600000| Untracked 
|  13|0x00000000c3700000, 0x00000000c3700000, 0x00000000c3800000|  0%| F|  |TAMS 0x00000000c3700000, 0x00000000c3700000| Untracked 
|  14|0x00000000c3800000, 0x00000000c3800000, 0x00000000c3900000|  0%| F|  |TAMS 0x00000000c3800000, 0x00000000c3800000| Untracked 
|  15|0x00000000c3900000, 0x00000000c3900000, 0x00000000c3a00000|  0%| F|  |TAMS 0x00000000c3900000, 0x00000000c3900000| Untracked 
|  16|0x00000000c3a00000, 0x00000000c3a00000, 0x00000000c3b00000|  0%| F|  |TAMS 0x00000000c3a00000, 0x00000000c3a00000| Untracked 
|  17|0x00000000c3b00000, 0x00000000c3b00000, 0x00000000c3c00000|  0%| F|  |TAMS 0x00000000c3b00000, 0x00000000c3b00000| Untracked 
|  18|0x00000000c3c00000, 0x00000000c3c00000, 0x00000000c3d00000|  0%| F|  |TAMS 0x00000000c3c00000, 0x00000000c3c00000| Untracked 
|  19|0x00000000c3d00000, 0x00000000c3d00000, 0x00000000c3e00000|  0%| F|  |TAMS 0x00000000c3d00000, 0x00000000c3d00000| Untracked 
|  20|0x00000000c3e00000, 0x00000000c3e00000, 0x00000000c3f00000|  0%| F|  |TAMS 0x00000000c3e00000, 0x00000000c3e00000| Untracked 
|  21|0x00000000c3f00000, 0x00000000c3f00000, 0x00000000c4000000|  0%| F|  |TAMS 0x00000000c3f00000, 0x00000000c3f00000| Untracked 
|  22|0x00000000c4000000, 0x00000000c4000000, 0x00000000c4100000|  0%| F|  |TAMS 0x00000000c4000000, 0x00000000c4000000| Untracked 
|  23|0x00000000c4100000, 0x00000000c4100000, 0x00000000c4200000|  0%| F|  |TAMS 0x00000000c4100000, 0x00000000c4100000| Untracked 
|  24|0x00000000c4200000, 0x00000000c4200000, 0x00000000c4300000|  0%| F|  |TAMS 0x00000000c4200000, 0x00000000c4200000| Untracked 
|  25|0x00000000c4300000, 0x00000000c4300000, 0x00000000c4400000|  0%| F|  |TAMS 0x00000000c4300000, 0x00000000c4300000| Untracked 
|  26|0x00000000c4400000, 0x00000000c4400000, 0x00000000c4500000|  0%| F|  |TAMS 0x00000000c4400000, 0x00000000c4400000| Untracked 
|  27|0x00000000c4500000, 0x00000000c4500000, 0x00000000c4600000|  0%| F|  |TAMS 0x00000000c4500000, 0x00000000c4500000| Untracked 
|  28|0x00000000c4600000, 0x00000000c4600000, 0x00000000c4700000|  0%| F|  |TAMS 0x00000000c4600000, 0x00000000c4600000| Untracked 
|  29|0x00000000c4700000, 0x00000000c4700000, 0x00000000c4800000|  0%| F|  |TAMS 0x00000000c4700000, 0x00000000c4700000| Untracked 
|  30|0x00000000c4800000, 0x00000000c4800000, 0x00000000c4900000|  0%| F|  |TAMS 0x00000000c4800000, 0x00000000c4800000| Untracked 
|  31|0x00000000c4900000, 0x00000000c4900000, 0x00000000c4a00000|  0%| F|  |TAMS 0x00000000c4900000, 0x00000000c4900000| Untracked 
|  32|0x00000000c4a00000, 0x00000000c4a00000, 0x00000000c4b00000|  0%| F|  |TAMS 0x00000000c4a00000, 0x00000000c4a00000| Untracked 
|  33|0x00000000c4b00000, 0x00000000c4b00000, 0x00000000c4c00000|  0%| F|  |TAMS 0x00000000c4b00000, 0x00000000c4b00000| Untracked 
|  34|0x00000000c4c00000, 0x00000000c4c00000, 0x00000000c4d00000|  0%| F|  |TAMS 0x00000000c4c00000, 0x00000000c4c00000| Untracked 
|  35|0x00000000c4d00000, 0x00000000c4d00000, 0x00000000c4e00000|  0%| F|  |TAMS 0x00000000c4d00000, 0x00000000c4d00000| Untracked 
|  36|0x00000000c4e00000, 0x00000000c4e00000, 0x00000000c4f00000|  0%| F|  |TAMS 0x00000000c4e00000, 0x00000000c4e00000| Untracked 
|  37|0x00000000c4f00000, 0x00000000c4f00000, 0x00000000c5000000|  0%| F|  |TAMS 0x00000000c4f00000, 0x00000000c4f00000| Untracked 
|  38|0x00000000c5000000, 0x00000000c5000000, 0x00000000c5100000|  0%| F|  |TAMS 0x00000000c5000000, 0x00000000c5000000| Untracked 
|  39|0x00000000c5100000, 0x00000000c5100000, 0x00000000c5200000|  0%| F|  |TAMS 0x00000000c5100000, 0x00000000c5100000| Untracked 
|  40|0x00000000c5200000, 0x00000000c5200000, 0x00000000c5300000|  0%| F|  |TAMS 0x00000000c5200000, 0x00000000c5200000| Untracked 
|  41|0x00000000c5300000, 0x00000000c5300000, 0x00000000c5400000|  0%| F|  |TAMS 0x00000000c5300000, 0x00000000c5300000| Untracked 
|  42|0x00000000c5400000, 0x00000000c5400000, 0x00000000c5500000|  0%| F|  |TAMS 0x00000000c5400000, 0x00000000c5400000| Untracked 
|  43|0x00000000c5500000, 0x00000000c5500000, 0x00000000c5600000|  0%| F|  |TAMS 0x00000000c5500000, 0x00000000c5500000| Untracked 
|  44|0x00000000c5600000, 0x00000000c5600000, 0x00000000c5700000|  0%| F|  |TAMS 0x00000000c5600000, 0x00000000c5600000| Untracked 
|  45|0x00000000c5700000, 0x00000000c5700000, 0x00000000c5800000|  0%| F|  |TAMS 0x00000000c5700000, 0x00000000c5700000| Untracked 
|  46|0x00000000c5800000, 0x00000000c5800000, 0x00000000c5900000|  0%| F|  |TAMS 0x00000000c5800000, 0x00000000c5800000| Untracked 
|  47|0x00000000c5900000, 0x00000000c5900000, 0x00000000c5a00000|  0%| F|  |TAMS 0x00000000c5900000, 0x00000000c5900000| Untracked 
|  48|0x00000000c5a00000, 0x00000000c5a00000, 0x00000000c5b00000|  0%| F|  |TAMS 0x00000000c5a00000, 0x00000000c5a00000| Untracked 
|  49|0x00000000c5b00000, 0x00000000c5b00000, 0x00000000c5c00000|  0%| F|  |TAMS 0x00000000c5b00000, 0x00000000c5b00000| Untracked 
|  50|0x00000000c5c00000, 0x00000000c5c00000, 0x00000000c5d00000|  0%| F|  |TAMS 0x00000000c5c00000, 0x00000000c5c00000| Untracked 
|  51|0x00000000c5d00000, 0x00000000c5d00000, 0x00000000c5e00000|  0%| F|  |TAMS 0x00000000c5d00000, 0x00000000c5d00000| Untracked 
|  52|0x00000000c5e00000, 0x00000000c5e00000, 0x00000000c5f00000|  0%| F|  |TAMS 0x00000000c5e00000, 0x00000000c5e00000| Untracked 
|  53|0x00000000c5f00000, 0x00000000c5f00000, 0x00000000c6000000|  0%| F|  |TAMS 0x00000000c5f00000, 0x00000000c5f00000| Untracked 
|  54|0x00000000c6000000, 0x00000000c6000000, 0x00000000c6100000|  0%| F|  |TAMS 0x00000000c6000000, 0x00000000c6000000| Untracked 
|  55|0x00000000c6100000, 0x00000000c6100000, 0x00000000c6200000|  0%| F|  |TAMS 0x00000000c6100000, 0x00000000c6100000| Untracked 
|  56|0x00000000c6200000, 0x00000000c6200000, 0x00000000c6300000|  0%| F|  |TAMS 0x00000000c6200000, 0x00000000c6200000| Untracked 
|  57|0x00000000c6300000, 0x00000000c6300000, 0x00000000c6400000|  0%| F|  |TAMS 0x00000000c6300000, 0x00000000c6300000| Untracked 
|  58|0x00000000c6400000, 0x00000000c6400000, 0x00000000c6500000|  0%| F|  |TAMS 0x00000000c6400000, 0x00000000c6400000| Untracked 
|  59|0x00000000c6500000, 0x00000000c6500000, 0x00000000c6600000|  0%| F|  |TAMS 0x00000000c6500000, 0x00000000c6500000| Untracked 
|  60|0x00000000c6600000, 0x00000000c6600000, 0x00000000c6700000|  0%| F|  |TAMS 0x00000000c6600000, 0x00000000c6600000| Untracked 
|  61|0x00000000c6700000, 0x00000000c67bc648, 0x00000000c6800000| 73%| E|  |TAMS 0x00000000c6700000, 0x00000000c6700000| Complete 

Card table byte_map: [0x0000024f3e180000,0x0000024f3e370000] _byte_map_base: 0x0000024f3db6b000

Marking Bits (Prev, Next): (CMBitMap*) 0x0000024f3e3d8aa0, (CMBitMap*) 0x0000024f3e3d8ae0
 Prev Bits: [0x0000024f54d10000, 0x0000024f55c68000)
 Next Bits: [0x0000024f55c70000, 0x0000024f56bc8000)

Polling page: 0x0000024f3c360000

Metaspace:

Usage:
  Non-class:      4.25 MB used.
      Class:    361.22 KB used.
       Both:      4.60 MB used.

Virtual space:
  Non-class space:        8.00 MB reserved,       4.25 MB ( 53%) committed,  1 nodes.
      Class space:        1.00 GB reserved,     384.00 KB ( <1%) committed,  1 nodes.
              Both:        1.01 GB reserved,       4.62 MB ( <1%) committed. 

Chunk freelists:
   Non-Class:  3.00 MB
       Class:  3.62 MB
        Both:  6.62 MB

MaxMetaspaceSize: 17179869184.00 GB
CompressedClassSpaceSize: 1.00 GB
 - commit_granule_bytes: 65536.
 - commit_granule_words: 8192.
 - virtual_space_node_default_size: 1048576.
 - enlarge_chunks_in_place: 1.
 - new_chunks_are_fully_committed: 0.
 - uncommit_free_chunks: 1.
 - use_allocation_guard: 0.
 - handle_deallocations: 1.


Internal statistics:

num_allocs_failed_limit: 0.
num_arena_births: 2.
num_arena_deaths: 0.
num_vsnodes_births: 2.
num_vsnodes_deaths: 0.
num_space_committed: 74.
num_space_uncommitted: 0.
num_chunks_returned_to_freelist: 0.
num_chunks_taken_from_freelist: 5.
num_chunk_merges: 0.
num_chunk_splits: 2.
num_chunks_enlarged: 0.
num_purges: 0.

CodeHeap 'non-profiled nmethods': size=120064Kb used=15Kb max_used=15Kb free=120048Kb
 bounds [0x0000024f4d5e0000, 0x0000024f4d850000, 0x0000024f54b20000]
CodeHeap 'profiled nmethods': size=120000Kb used=51Kb max_used=51Kb free=119948Kb
 bounds [0x0000024f460b0000, 0x0000024f46320000, 0x0000024f4d5e0000]
CodeHeap 'non-nmethods': size=5696Kb used=1070Kb max_used=1070Kb free=4625Kb
 bounds [0x0000024f45b20000, 0x0000024f45d90000, 0x0000024f460b0000]
 total_blobs=382 nmethods=50 adapters=246
 compilation: enabled
              stopped_count=0, restarted_count=0
 full_count=0

Compilation events (20 events):
Event: 1.891 Thread 0x0000024f58f84c20   29       3       java.lang.String::indexOf (7 bytes)
Event: 1.892 Thread 0x0000024f58f84c20 nmethod 29 0x0000024f460b8010 code [0x0000024f460b81e0, 0x0000024f460b84f8]
Event: 1.892 Thread 0x0000024f58f84c20   30       3       java.net.URI::hash (33 bytes)
Event: 1.893 Thread 0x0000024f58f84c20 nmethod 30 0x0000024f460b8610 code [0x0000024f460b8800, 0x0000024f460b8c98]
Event: 1.928 Thread 0x0000024f58f84c20   31       3       java.util.concurrent.ConcurrentHashMap::tabAt (22 bytes)
Event: 1.928 Thread 0x0000024f58f84c20 nmethod 31 0x0000024f460b8e90 code [0x0000024f460b9040, 0x0000024f460b9318]
Event: 1.929 Thread 0x0000024f58f84c20   33       3       java.util.concurrent.ConcurrentHashMap::spread (10 bytes)
Event: 1.929 Thread 0x0000024f58f84c20 nmethod 33 0x0000024f460b9410 code [0x0000024f460b95a0, 0x0000024f460b9698]
Event: 1.929 Thread 0x0000024f58f84c20   34       3       java.util.ImmutableCollections$SetN$SetNIterator::next (90 bytes)
Event: 1.930 Thread 0x0000024f58f84c20 nmethod 34 0x0000024f460b9710 code [0x0000024f460b98e0, 0x0000024f460b9c08]
Event: 1.938 Thread 0x0000024f58f84c20   35       3       java.util.HashMap::hash (20 bytes)
Event: 1.939 Thread 0x0000024f58f84c20 nmethod 35 0x0000024f460b9d90 code [0x0000024f460b9f40, 0x0000024f460ba148]
Event: 1.957 Thread 0x0000024f58f84c20   37       1       java.lang.Enum::ordinal (5 bytes)
Event: 1.958 Thread 0x0000024f58f84c20 nmethod 37 0x0000024f4d5e1510 code [0x0000024f4d5e16a0, 0x0000024f4d5e1778]
Event: 2.014 Thread 0x0000024f58f84c20   44   !   3       java.util.concurrent.ConcurrentHashMap::putVal (432 bytes)
Event: 2.018 Thread 0x0000024f58f84c20 nmethod 44 0x0000024f460ba210 code [0x0000024f460ba580, 0x0000024f460bc068]
Event: 2.018 Thread 0x0000024f58f84c20   46       1       java.lang.Class::getClassLoader0 (5 bytes)
Event: 2.018 Thread 0x0000024f58f84c20 nmethod 46 0x0000024f4d5e3190 code [0x0000024f4d5e3320, 0x0000024f4d5e33f8]
Event: 2.032 Thread 0x0000024f58f84c20   48       3       java.lang.String::isEmpty (14 bytes)
Event: 2.033 Thread 0x0000024f58f84c20 nmethod 48 0x0000024f460bca10 code [0x0000024f460bcba0, 0x0000024f460bcd18]

GC Heap History (0 events):
No events

Deoptimization events (0 events):
No events

Classes unloaded (0 events):
No events

Classes redefined (0 events):
No events

Internal exceptions (0 events):
No events

Events (20 events):
Event: 2.034 loading class java/lang/NoSuchFieldException done
Event: 2.034 loading class java/lang/invoke/BoundMethodHandle$Species_L
Event: 2.036 loading class java/lang/invoke/BoundMethodHandle$Species_L done
Event: 2.038 loading class sun/invoke/util/VerifyType
Event: 2.038 loading class sun/invoke/util/VerifyType done
Event: 2.038 loading class sun/invoke/empty/Empty
Event: 2.038 loading class sun/invoke/empty/Empty done
Event: 2.038 loading class java/lang/invoke/DirectMethodHandle$2
Event: 2.038 loading class java/lang/invoke/DirectMethodHandle$2 done
Event: 2.046 loading class java/lang/invoke/DirectMethodHandle$Accessor
Event: 2.047 loading class java/lang/invoke/DirectMethodHandle$Accessor done
Event: 2.047 loading class sun/invoke/util/Wrapper$1
Event: 2.047 loading class sun/invoke/util/Wrapper$1 done
Event: 2.048 loading class java/lang/invoke/MethodHandleImpl$IntrinsicMethodHandle
Event: 2.048 loading class java/lang/invoke/DelegatingMethodHandle
Event: 2.048 loading class java/lang/invoke/DelegatingMethodHandle done
Event: 2.048 loading class java/lang/invoke/MethodHandleImpl$IntrinsicMethodHandle done
Event: 2.049 loading class java/lang/invoke/DelegatingMethodHandle$Holder
Event: 2.049 loading class java/lang/invoke/DelegatingMethodHandle$Holder done
Event: 2.049 loading class java/lang/invoke/LambdaFormEditor


Dynamic libraries:
0x00007ff640020000 - 0x00007ff640030000 	C:\Program Files\Java\jdk-16\bin\java.exe
0x00007ffff49b0000 - 0x00007ffff4ba5000 	C:\WINDOWS\SYSTEM32\ntdll.dll
0x00007ffff3690000 - 0x00007ffff374d000 	C:\WINDOWS\System32\KERNEL32.DLL
0x00007ffff2270000 - 0x00007ffff2538000 	C:\WINDOWS\System32\KERNELBASE.dll
0x00007ffff26a0000 - 0x00007ffff27a0000 	C:\WINDOWS\System32\ucrtbase.dll
0x00007fffea240000 - 0x00007fffea258000 	C:\Program Files\Java\jdk-16\bin\jli.dll
0x00007ffff3040000 - 0x00007ffff30ec000 	C:\WINDOWS\System32\ADVAPI32.dll
0x00007ffff35f0000 - 0x00007ffff368e000 	C:\WINDOWS\System32\msvcrt.dll
0x00007ffff2a10000 - 0x00007ffff2aab000 	C:\WINDOWS\System32\sechost.dll
0x00007ffff2f10000 - 0x00007ffff303b000 	C:\WINDOWS\System32\RPCRT4.dll
0x00007ffff30f0000 - 0x00007ffff3290000 	C:\WINDOWS\System32\USER32.dll
0x00007ffff2240000 - 0x00007ffff2262000 	C:\WINDOWS\System32\win32u.dll
0x00007ffff2ab0000 - 0x00007ffff2ada000 	C:\WINDOWS\System32\GDI32.dll
0x00007ffff2590000 - 0x00007ffff269b000 	C:\WINDOWS\System32\gdi32full.dll
0x00007ffff21a0000 - 0x00007ffff223d000 	C:\WINDOWS\System32\msvcp_win.dll
0x00007fffefb30000 - 0x00007fffefb49000 	C:\Program Files\Java\jdk-16\bin\VCRUNTIME140.dll
0x00007ffff14b0000 - 0x00007ffff174a000 	C:\WINDOWS\WinSxS\amd64_microsoft.windows.common-controls_6595b64144ccf1df_6.0.19041.844_none_ca00b6081b84eb1d\COMCTL32.dll
0x00007fffdcdf0000 - 0x00007fffdcdfa000 	C:\WINDOWS\SYSTEM32\VERSION.dll
0x00007ffff45d0000 - 0x00007ffff4600000 	C:\WINDOWS\System32\IMM32.DLL
0x00007fffefb20000 - 0x00007fffefb2c000 	C:\Program Files\Java\jdk-16\bin\vcruntime140_1.dll
0x00007fffd3f80000 - 0x00007fffd4011000 	C:\Program Files\Java\jdk-16\bin\msvcp140.dll
0x00007fffc6d30000 - 0x00007fffc78db000 	C:\Program Files\Java\jdk-16\bin\server\jvm.dll
0x00007ffff4600000 - 0x00007ffff4608000 	C:\WINDOWS\System32\PSAPI.DLL
0x00007fffdb780000 - 0x00007fffdb789000 	C:\WINDOWS\SYSTEM32\WSOCK32.dll
0x00007ffff2ea0000 - 0x00007ffff2f0b000 	C:\WINDOWS\System32\WS2_32.dll
0x00007fffe1c60000 - 0x00007fffe1c87000 	C:\WINDOWS\SYSTEM32\WINMM.dll
0x00007ffff0360000 - 0x00007ffff0372000 	C:\WINDOWS\SYSTEM32\kernel.appcore.dll
0x00007fffefb10000 - 0x00007fffefb1a000 	C:\Program Files\Java\jdk-16\bin\jimage.dll
0x00007ffff1a20000 - 0x00007ffff1c04000 	C:\WINDOWS\SYSTEM32\DBGHELP.DLL
0x00007ffff1850000 - 0x00007ffff187c000 	C:\WINDOWS\SYSTEM32\dbgcore.DLL
0x00007ffff27a0000 - 0x00007ffff2820000 	C:\WINDOWS\System32\bcryptPrimitives.dll
0x00007fffe6500000 - 0x00007fffe6525000 	C:\Program Files\Java\jdk-16\bin\java.dll
0x00007ffff3c70000 - 0x00007ffff43b2000 	C:\WINDOWS\System32\SHELL32.dll
0x00007fffefbc0000 - 0x00007ffff0351000 	C:\WINDOWS\SYSTEM32\windows.storage.dll
0x00007ffff3290000 - 0x00007ffff35e5000 	C:\WINDOWS\System32\combase.dll
0x00007ffff1410000 - 0x00007ffff143c000 	C:\WINDOWS\SYSTEM32\Wldp.dll
0x00007ffff3bc0000 - 0x00007ffff3c6e000 	C:\WINDOWS\System32\SHCORE.dll
0x00007ffff4570000 - 0x00007ffff45c5000 	C:\WINDOWS\System32\shlwapi.dll
0x00007ffff2030000 - 0x00007ffff204f000 	C:\WINDOWS\SYSTEM32\profapi.dll

dbghelp: loaded successfully - version: 4.0.5 - missing functions: none
symbol engine: initialized successfully - sym options: 0x614 - pdb path: .;C:\Program Files\Java\jdk-16\bin;C:\WINDOWS\SYSTEM32;C:\WINDOWS\WinSxS\amd64_microsoft.windows.common-controls_6595b64144ccf1df_6.0.19041.844_none_ca00b6081b84eb1d;C:\Program Files\Java\jdk-16\bin\server

VM Arguments:
jvm_args: -Dfile.encoding=UTF-8 --module-path=C:\Users\Maira Pinilla\Desktop\UNAD\Semestre 7 trabajos\Programación orientada a objetos\proyectoA\build\classes 
java_command: interfaces.RegistrarEmpleados
java_class_path (initial): C:\Users\Maira Pinilla\Desktop\UNAD\Semestre 7 trabajos\Programación orientada a objetos\proyectoA\lib\mysql-connector-java-5.1.47.jar;C:\Users\Maira Pinilla\Downloads\jcalendar-1.4.jar;C:\Users\Maira Pinilla\Desktop\UNAD\Semestre 7 trabajos\Programación orientada a objetos\proyectoA\lib\jcalendar-1.4.jar;C:\Users\Maira Pinilla\Desktop\UNAD\Semestre 7 trabajos\Programación orientada a objetos\proyectoA\build\classes
Launcher Type: SUN_STANDARD

[Global flags]
     intx CICompilerCount                          = 2                                         {product} {ergonomic}
     uint ConcGCThreads                            = 1                                         {product} {ergonomic}
     uint G1ConcRefinementThreads                  = 2                                         {product} {ergonomic}
   size_t G1HeapRegionSize                         = 1048576                                   {product} {ergonomic}
    uintx GCDrainStackTargetSize                   = 64                                        {product} {ergonomic}
   size_t InitialHeapSize                          = 65011712                                  {product} {ergonomic}
   size_t MarkStackSize                            = 4194304                                   {product} {ergonomic}
   size_t MaxHeapSize                              = 1029701632                                {product} {ergonomic}
   size_t MaxNewSize                               = 617611264                                 {product} {ergonomic}
   size_t MinHeapDeltaBytes                        = 1048576                                   {product} {ergonomic}
   size_t MinHeapSize                              = 8388608                                   {product} {ergonomic}
    uintx NonNMethodCodeHeapSize                   = 5826188                                {pd product} {ergonomic}
    uintx NonProfiledCodeHeapSize                  = 122916026                              {pd product} {ergonomic}
    uintx ProfiledCodeHeapSize                     = 122916026                              {pd product} {ergonomic}
    uintx ReservedCodeCacheSize                    = 251658240                              {pd product} {ergonomic}
     bool SegmentedCodeCache                       = true                                      {product} {ergonomic}
   size_t SoftMaxHeapSize                          = 1029701632                             {manageable} {ergonomic}
     bool UseCompressedClassPointers               = true                           {product lp64_product} {ergonomic}
     bool UseCompressedOops                        = true                           {product lp64_product} {ergonomic}
     bool UseG1GC                                  = true                                      {product} {ergonomic}
     bool UseLargePagesIndividualAllocation        = false                                  {pd product} {ergonomic}

Logging:
Log output configuration:
 #0: stdout all=warning uptime,level,tags
 #1: stderr all=off uptime,level,tags

Environment Variables:
PATH=C:\Program Files\Common Files\Oracle\Java\javapath;C:\oraclexe\app\oracle\product\11.2.0\server\bin;;C:\Program Files (x86)\Intel\TXE Components\iCLS\;C:\Program Files\Intel\TXE Components\iCLS\;C:\WINDOWS\system32;C:\WINDOWS;C:\WINDOWS\System32\Wbem;C:\WINDOWS\System32\WindowsPowerShell\v1.0\;C:\Program Files\Intel\TXE Components\DAL\;C:\Program Files (x86)\Intel\TXE Components\DAL\;C:\Program Files\Intel\TXE Components\IPT\;C:\Program Files (x86)\Intel\TXE Components\IPT\;C:\WINDOWS\System32\OpenSSH\;C:\Program Files\Git\cmd;C:\Users\Maira Pinilla\AppData\Local\Microsoft\WindowsApps;C:\Users\Maira Pinilla\AppData\Local\GitHubDesktop\bin;C:\Users\Maira Pinilla\AppData\Local\Programs\Microsoft VS Code\bin;C:\Users\Maira Pinilla\AppServ\Apache24\bin;C:\Users\Maira Pinilla\AppServ\php7;C:\Users\Maira Pinilla\AppServ\MySQL\bin;C:\Users\Maira Pinilla\AppData\Local\Microsoft\WindowsApps;C:\AppServ\Apache24\bin;C:\AppServ\php7;C:\AppServ\MySQL\bin
USERNAME=Maira Pinilla
OS=Windows_NT
PROCESSOR_IDENTIFIER=Intel64 Family 6 Model 92 Stepping 9, GenuineIntel



---------------  S Y S T E M  ---------------

OS:
 Windows 10 , 64 bit Build 19041 (10.0.19041.928)
OS uptime: 7 days 21:05 hours

CPU: total 2 (initial active 2) (2 cores per cpu, 1 threads per core) family 6 model 92 stepping 9 microcode 0x32, cx8, cmov, fxsr, mmx, 3dnowpref, sse, sse2, sse3, ssse3, sse4.1, sse4.2, popcnt, tsc, tscinvbit, aes, erms, clmul, sha, clflush, clflushopt

Memory: 4k page, system-wide physical 3927M (416M free)
TotalPageFile size 8023M (AvailPageFile size 4M)
current process WorkingSet (physical memory assigned to process): 25M, peak: 25M
current process commit charge ("private bytes"): 121M, peak: 123M

vm_info: Java HotSpot(TM) 64-Bit Server VM (16+36-2231) for windows-amd64 JRE (16+36-2231), built on Feb  8 2021 11:43:10 by "mach5one" with MS VC++ 16.7 (VS2019)

END.
